<?xml version="1.0" encoding="UTF-8"?>
<coverage generated="1579649355770" clover="3.2.0">
  <project timestamp="1579649355770" name="All files">
    <metrics statements="39" coveredstatements="36" conditionals="8" coveredconditionals="7" methods="23" coveredmethods="21" elements="70" coveredelements="64" complexity="0" loc="39" ncloc="39" packages="1" files="2" classes="2"/>
    <file name="bank.js" path="/Users/adicohen/work/js/js-tuts/src/bank.js">
      <metrics statements="8" coveredstatements="8" conditionals="2" coveredconditionals="2" methods="5" coveredmethods="5"/>
      <line num="1" count="1" type="stmt"/>
      <line num="5" count="9" type="stmt"/>
      <line num="9" count="10" type="stmt"/>
      <line num="13" count="5" type="stmt"/>
      <line num="22" count="7" type="stmt"/>
      <line num="26" count="15" type="cond" truecount="2" falsecount="0"/>
      <line num="28" count="5" type="stmt"/>
      <line num="32" count="1" type="stmt"/>
    </file>
    <file name="calc-money.js" path="/Users/adicohen/work/js/js-tuts/src/calc-money.js">
      <metrics statements="31" coveredstatements="28" conditionals="6" coveredconditionals="5" methods="18" coveredmethods="16"/>
      <line num="3" count="1" type="stmt"/>
      <line num="7" count="0" type="stmt"/>
      <line num="11" count="0" type="stmt"/>
      <line num="17" count="53" type="stmt"/>
      <line num="19" count="53" type="stmt"/>
      <line num="20" count="53" type="stmt"/>
      <line num="24" count="6" type="cond" truecount="2" falsecount="0"/>
      <line num="25" count="1" type="stmt"/>
      <line num="28" count="5" type="cond" truecount="1" falsecount="1"/>
      <line num="29" count="0" type="stmt"/>
      <line num="32" count="5" type="cond" truecount="2" falsecount="0"/>
      <line num="33" count="1" type="stmt"/>
      <line num="36" count="4" type="stmt"/>
      <line num="40" count="12" type="stmt"/>
      <line num="44" count="2" type="stmt"/>
      <line num="53" count="4" type="stmt"/>
      <line num="62" count="2" type="stmt"/>
      <line num="66" count="13" type="stmt"/>
      <line num="67" count="13" type="stmt"/>
      <line num="71" count="24" type="stmt"/>
      <line num="75" count="6" type="stmt"/>
      <line num="86" count="8" type="stmt"/>
      <line num="88" count="8" type="stmt"/>
      <line num="89" count="8" type="stmt"/>
      <line num="93" count="1" type="stmt"/>
      <line num="97" count="1" type="stmt"/>
      <line num="101" count="6" type="stmt"/>
      <line num="102" count="6" type="stmt"/>
      <line num="106" count="1" type="stmt"/>
      <line num="115" count="1" type="stmt"/>
      <line num="119" count="1" type="stmt"/>
    </file>
  </project>
</coverage>
