TN:
SF:/Users/adicohen/work/js/js-tuts/src/bank.js
FN:4,(anonymous_0)
FN:8,(anonymous_1)
FN:12,(anonymous_2)
FN:21,(anonymous_3)
FN:25,(anonymous_4)
FNF:5
FNH:5
FNDA:9,(anonymous_0)
FNDA:10,(anonymous_1)
FNDA:5,(anonymous_2)
FNDA:7,(anonymous_3)
FNDA:15,(anonymous_4)
DA:1,1
DA:5,9
DA:9,10
DA:13,5
DA:22,7
DA:26,15
DA:28,5
DA:32,1
LF:8
LH:8
BRDA:26,0,0,10
BRDA:26,0,1,5
BRF:2
BRH:2
end_of_record
TN:
SF:/Users/adicohen/work/js/js-tuts/src/calc-money.js
FN:2,(anonymous_0)
FN:6,(anonymous_1)
FN:10,(anonymous_2)
FN:16,(anonymous_3)
FN:23,(anonymous_4)
FN:39,(anonymous_5)
FN:43,(anonymous_6)
FN:52,(anonymous_7)
FN:61,(anonymous_8)
FN:65,(anonymous_9)
FN:70,(anonymous_10)
FN:74,(anonymous_11)
FN:85,(anonymous_12)
FN:92,(anonymous_13)
FN:96,(anonymous_14)
FN:100,(anonymous_15)
FN:105,(anonymous_16)
FN:114,(anonymous_17)
FNF:18
FNH:16
FNDA:1,(anonymous_0)
FNDA:0,(anonymous_1)
FNDA:0,(anonymous_2)
FNDA:53,(anonymous_3)
FNDA:6,(anonymous_4)
FNDA:12,(anonymous_5)
FNDA:2,(anonymous_6)
FNDA:4,(anonymous_7)
FNDA:2,(anonymous_8)
FNDA:13,(anonymous_9)
FNDA:24,(anonymous_10)
FNDA:6,(anonymous_11)
FNDA:8,(anonymous_12)
FNDA:1,(anonymous_13)
FNDA:1,(anonymous_14)
FNDA:6,(anonymous_15)
FNDA:1,(anonymous_16)
FNDA:1,(anonymous_17)
DA:3,1
DA:7,0
DA:11,0
DA:17,53
DA:19,53
DA:20,53
DA:24,6
DA:25,1
DA:28,5
DA:29,0
DA:32,5
DA:33,1
DA:36,4
DA:40,12
DA:44,2
DA:53,4
DA:62,2
DA:66,13
DA:67,13
DA:71,24
DA:75,6
DA:86,8
DA:88,8
DA:89,8
DA:93,1
DA:97,1
DA:101,6
DA:102,6
DA:106,1
DA:115,1
DA:119,1
LF:31
LH:28
BRDA:24,0,0,1
BRDA:24,0,1,5
BRDA:28,1,0,0
BRDA:28,1,1,5
BRDA:32,2,0,1
BRDA:32,2,1,4
BRF:6
BRH:5
end_of_record
